<?xml version="1.0" encoding="UTF-8"?>
<!-- Generated by org.testng.reporters.JUnitReportReporter -->
<testsuite hostname="DESKTOP-I71O81B" failures="0" tests="1" name="com.sdet.Test.WikiTest" time="92.177" errors="0" timestamp="2023-02-17T18:22:36 IST" skipped="0">
  <testcase classname="com.sdet.Test.WikiTest" name="verifyMovie" time="92.177"/>
  <system-out/>
</testsuite> <!-- com.sdet.Test.WikiTest -->
